C:\USERS\OS\ONEDRIVE\DOCUMENTS\VISUAL STUDIO 2012\THIRD\GAMESDLCPP\GAMESDLCPP\DEBUG\SOURCE.OBJ
C:\USERS\OS\ONEDRIVE\DOCUMENTS\VISUAL STUDIO 2012\THIRD\GAMESDLCPP\GAMESDLCPP\DEBUG\VC110.PDB
C:\USERS\OS\ONEDRIVE\DOCUMENTS\VISUAL STUDIO 2012\THIRD\GAMESDLCPP\GAMESDLCPP\DEBUG\BASEOBJECT.OBJ
C:\USERS\OS\ONEDRIVE\DOCUMENTS\VISUAL STUDIO 2012\THIRD\GAMESDLCPP\GAMESDLCPP\DEBUG\COMMON_FUNCTION.OBJ
C:\USERS\OS\ONEDRIVE\DOCUMENTS\VISUAL STUDIO 2012\THIRD\GAMESDLCPP\GAMESDLCPP\DEBUG\CHICKENOBJECT.OBJ
C:\USERS\OS\ONEDRIVE\DOCUMENTS\VISUAL STUDIO 2012\THIRD\GAMESDLCPP\GAMESDLCPP\DEBUG\BULLET.OBJ
C:\USERS\OS\ONEDRIVE\DOCUMENTS\VISUAL STUDIO 2012\THIRD\GAMESDLCPP\GAMESDLCPP\DEBUG\MAINOBJECT.OBJ
C:\USERS\OS\ONEDRIVE\DOCUMENTS\VISUAL STUDIO 2012\THIRD\GAMESDLCPP\DEBUG\GAMESDLCPP.ILK
C:\USERS\OS\ONEDRIVE\DOCUMENTS\VISUAL STUDIO 2012\THIRD\GAMESDLCPP\DEBUG\GAMESDLCPP.EXE
C:\USERS\OS\ONEDRIVE\DOCUMENTS\VISUAL STUDIO 2012\THIRD\GAMESDLCPP\DEBUG\GAMESDLCPP.PDB
C:\Users\os\OneDrive\Documents\Visual Studio 2012\third\gameSDLcpp\gameSDLcpp\Debug\BaseObject.obj
C:\Users\os\OneDrive\Documents\Visual Studio 2012\third\gameSDLcpp\gameSDLcpp\Debug\bullet.obj
C:\Users\os\OneDrive\Documents\Visual Studio 2012\third\gameSDLcpp\gameSDLcpp\Debug\ChickenObject.obj
C:\Users\os\OneDrive\Documents\Visual Studio 2012\third\gameSDLcpp\gameSDLcpp\Debug\COMMON_FUNCTION.obj
C:\Users\os\OneDrive\Documents\Visual Studio 2012\third\gameSDLcpp\gameSDLcpp\Debug\MainObject.obj
C:\Users\os\OneDrive\Documents\Visual Studio 2012\third\gameSDLcpp\gameSDLcpp\Debug\Source.obj
C:\Users\os\OneDrive\Documents\Visual Studio 2012\third\gameSDLcpp\gameSDLcpp\Debug\cl.command.1.tlog
C:\Users\os\OneDrive\Documents\Visual Studio 2012\third\gameSDLcpp\gameSDLcpp\Debug\CL.read.1.tlog
C:\Users\os\OneDrive\Documents\Visual Studio 2012\third\gameSDLcpp\gameSDLcpp\Debug\CL.write.1.tlog
C:\Users\os\OneDrive\Documents\Visual Studio 2012\third\gameSDLcpp\gameSDLcpp\Debug\link-cvtres.read.1.tlog
C:\Users\os\OneDrive\Documents\Visual Studio 2012\third\gameSDLcpp\gameSDLcpp\Debug\link-cvtres.write.1.tlog
C:\Users\os\OneDrive\Documents\Visual Studio 2012\third\gameSDLcpp\gameSDLcpp\Debug\link-rc.read.1.tlog
C:\Users\os\OneDrive\Documents\Visual Studio 2012\third\gameSDLcpp\gameSDLcpp\Debug\link-rc.write.1.tlog
C:\Users\os\OneDrive\Documents\Visual Studio 2012\third\gameSDLcpp\gameSDLcpp\Debug\link.4732-cvtres.read.1.tlog
C:\Users\os\OneDrive\Documents\Visual Studio 2012\third\gameSDLcpp\gameSDLcpp\Debug\link.4732-cvtres.write.1.tlog
C:\Users\os\OneDrive\Documents\Visual Studio 2012\third\gameSDLcpp\gameSDLcpp\Debug\link.4732-rc.read.1.tlog
C:\Users\os\OneDrive\Documents\Visual Studio 2012\third\gameSDLcpp\gameSDLcpp\Debug\link.4732-rc.write.1.tlog
C:\Users\os\OneDrive\Documents\Visual Studio 2012\third\gameSDLcpp\gameSDLcpp\Debug\link.4732.read.1.tlog
C:\Users\os\OneDrive\Documents\Visual Studio 2012\third\gameSDLcpp\gameSDLcpp\Debug\link.4732.write.1.tlog
C:\Users\os\OneDrive\Documents\Visual Studio 2012\third\gameSDLcpp\gameSDLcpp\Debug\link.command.1.tlog
C:\Users\os\OneDrive\Documents\Visual Studio 2012\third\gameSDLcpp\gameSDLcpp\Debug\link.read.1.tlog
C:\Users\os\OneDrive\Documents\Visual Studio 2012\third\gameSDLcpp\gameSDLcpp\Debug\link.write.1.tlog
C:\Users\os\OneDrive\Documents\Visual Studio 2012\third\gameSDLcpp\gameSDLcpp\Debug\vc110.idb
C:\Users\os\OneDrive\Documents\Visual Studio 2012\third\gameSDLcpp\gameSDLcpp\Debug\vc110.pdb
C:\Users\os\OneDrive\Documents\Visual Studio 2012\third\gameSDLcpp\Debug\gameSDLcpp.pdb
C:\Users\os\OneDrive\Documents\Visual Studio 2012\third\gameSDLcpp\Debug\gameSDLcpp.exe
C:\Users\os\OneDrive\Documents\Visual Studio 2012\third\gameSDLcpp\Debug\gameSDLcpp.ilk
